# JRE version: OpenJDK Runtime Environment Temurin-21.0.10+7 (21.0.10+7) (build 21.0.10+7-LTS)
# Java VM: OpenJDK 64-Bit Server VM Temurin-21.0.10+7 (21.0.10+7-LTS, mixed mode, emulated-client, sharing, tiered, compressed oops, compressed class ptrs, g1 gc, windows-amd64)
GC Precious Log:
 CardTable entry size: 512
 Card Set container configuration: InlinePtr #cards 4 size 8 Array Of Cards #cards 16 size 48 Howl #buckets 8 coarsen threshold 3686 Howl Bitmap #cards 512 size 80 coarsen threshold 460 Card regions per heap region 1 cards per card region 4096
 CPUs: 8 total, 8 available
 Memory: 12138M
 Large Page Support: Disabled
 NUMA Support: Disabled
 Compressed Oops: Enabled (Zero based)
 Heap Region Size: 2M
 Heap Min Capacity: 8M
 Heap Initial Capacity: 190M
 Heap Max Capacity: 3036M
 Pre-touch: Disabled
 Parallel Workers: 8
 Concurrent Workers: 2
 Concurrent Refinement Workers: 8
 Periodic GC: Disabled
Heap:
 garbage-first heap   total 102400K, used 43601K [0x0000000742400000, 0x0000000800000000)
  region size 2048K, 10 young (20480K), 3 survivors (6144K)
 Metaspace       used 78806K, committed 79552K, reserved 1179648K
  class space    used 11067K, committed 11456K, reserved 1048576K
GC Heap History (20 events):
Event: 6693.801 GC heap before
{Heap before GC invocations=30 (full 0):
 garbage-first heap   total 104448K, used 92372K [0x0000000742400000, 0x0000000800000000)
  region size 2048K, 30 young (61440K), 2 survivors (4096K)
 Metaspace       used 78509K, committed 79296K, reserved 1179648K
  class space    used 11058K, committed 11392K, reserved 1048576K
}
Event: 6693.805 GC heap after
{Heap after GC invocations=31 (full 0):
 garbage-first heap   total 104448K, used 34718K [0x0000000742400000, 0x0000000800000000)
  region size 2048K, 2 young (4096K), 2 survivors (4096K)
 Metaspace       used 78509K, committed 79296K, reserved 1179648K
  class space    used 11058K, committed 11392K, reserved 1048576K
}
Event: 7660.756 GC heap before
{Heap before GC invocations=31 (full 0):
 garbage-first heap   total 104448K, used 90014K [0x0000000742400000, 0x0000000800000000)
  region size 2048K, 30 young (61440K), 2 survivors (4096K)
 Metaspace       used 78509K, committed 79296K, reserved 1179648K
  class space    used 11058K, committed 11392K, reserved 1048576K
}
Event: 7660.759 GC heap after
{Heap after GC invocations=32 (full 0):
 garbage-first heap   total 104448K, used 35049K [0x0000000742400000, 0x0000000800000000)
  region size 2048K, 2 young (4096K), 2 survivors (4096K)
 Metaspace       used 78509K, committed 79296K, reserved 1179648K
  class space    used 11058K, committed 11392K, reserved 1048576K
}
Event: 8699.655 GC heap before
{Heap before GC invocations=32 (full 0):
 garbage-first heap   total 104448K, used 92393K [0x0000000742400000, 0x0000000800000000)
  region size 2048K, 30 young (61440K), 2 survivors (4096K)
 Metaspace       used 78511K, committed 79296K, reserved 1179648K
  class space    used 11058K, committed 11392K, reserved 1048576K
}
Event: 8699.659 GC heap after
{Heap after GC invocations=33 (full 0):
 garbage-first heap   total 104448K, used 34615K [0x0000000742400000, 0x0000000800000000)
  region size 2048K, 2 young (4096K), 2 survivors (4096K)
 Metaspace       used 78511K, committed 79296K, reserved 1179648K
  class space    used 11058K, committed 11392K, reserved 1048576K
}
Event: 9663.328 GC heap before
{Heap before GC invocations=33 (full 0):
 garbage-first heap   total 104448K, used 91959K [0x0000000742400000, 0x0000000800000000)
  region size 2048K, 30 young (61440K), 2 survivors (4096K)
 Metaspace       used 78511K, committed 79296K, reserved 1179648K
  class space    used 11058K, committed 11392K, reserved 1048576K
}
Event: 9663.332 GC heap after
{Heap after GC invocations=34 (full 0):
 garbage-first heap   total 104448K, used 35120K [0x0000000742400000, 0x0000000800000000)
  region size 2048K, 2 young (4096K), 2 survivors (4096K)
 Metaspace       used 78511K, committed 79296K, reserved 1179648K
  class space    used 11058K, committed 11392K, reserved 1048576K
}
Event: 10667.139 GC heap before
{Heap before GC invocations=34 (full 0):
 garbage-first heap   total 104448K, used 92464K [0x0000000742400000, 0x0000000800000000)
  region size 2048K, 30 young (61440K), 2 survivors (4096K)
 Metaspace       used 78512K, committed 79296K, reserved 1179648K
  class space    used 11058K, committed 11392K, reserved 1048576K
}
Event: 10667.142 GC heap after
{Heap after GC invocations=35 (full 0):
 garbage-first heap   total 104448K, used 34807K [0x0000000742400000, 0x0000000800000000)
  region size 2048K, 2 young (4096K), 2 survivors (4096K)
 Metaspace       used 78512K, committed 79296K, reserved 1179648K
  class space    used 11058K, committed 11392K, reserved 1048576K
}
Event: 11651.941 GC heap before
{Heap before GC invocations=35 (full 0):
 garbage-first heap   total 104448K, used 92151K [0x0000000742400000, 0x0000000800000000)
  region size 2048K, 30 young (61440K), 2 survivors (4096K)
 Metaspace       used 78512K, committed 79296K, reserved 1179648K
  class space    used 11058K, committed 11392K, reserved 1048576K
}
Event: 11651.948 GC heap after
{Heap after GC invocations=36 (full 0):
 garbage-first heap   total 104448K, used 34794K [0x0000000742400000, 0x0000000800000000)
  region size 2048K, 2 young (4096K), 2 survivors (4096K)
 Metaspace       used 78512K, committed 79296K, reserved 1179648K
  class space    used 11058K, committed 11392K, reserved 1048576K
}
Event: 12613.541 GC heap before
{Heap before GC invocations=36 (full 0):
 garbage-first heap   total 104448K, used 92138K [0x0000000742400000, 0x0000000800000000)
  region size 2048K, 30 young (61440K), 2 survivors (4096K)
 Metaspace       used 78512K, committed 79296K, reserved 1179648K
  class space    used 11058K, committed 11392K, reserved 1048576K
}
Event: 12613.550 GC heap after
{Heap after GC invocations=37 (full 0):
 garbage-first heap   total 104448K, used 35021K [0x0000000742400000, 0x0000000800000000)
  region size 2048K, 2 young (4096K), 2 survivors (4096K)
 Metaspace       used 78512K, committed 79296K, reserved 1179648K
  class space    used 11058K, committed 11392K, reserved 1048576K
}
Event: 13613.515 GC heap before
{Heap before GC invocations=37 (full 0):
 garbage-first heap   total 104448K, used 92365K [0x0000000742400000, 0x0000000800000000)
  region size 2048K, 30 young (61440K), 2 survivors (4096K)
 Metaspace       used 78529K, committed 79296K, reserved 1179648K
  class space    used 11061K, committed 11392K, reserved 1048576K
}
Event: 13613.524 GC heap after
{Heap after GC invocations=38 (full 0):
 garbage-first heap   total 104448K, used 34838K [0x0000000742400000, 0x0000000800000000)
  region size 2048K, 2 young (4096K), 2 survivors (4096K)
 Metaspace       used 78529K, committed 79296K, reserved 1179648K
  class space    used 11061K, committed 11392K, reserved 1048576K
}
Event: 14337.294 GC heap before
{Heap before GC invocations=38 (full 0):
 garbage-first heap   total 104448K, used 79894K [0x0000000742400000, 0x0000000800000000)
  region size 2048K, 25 young (51200K), 2 survivors (4096K)
 Metaspace       used 78628K, committed 79424K, reserved 1179648K
  class space    used 11084K, committed 11456K, reserved 1048576K
}
Event: 14337.442 GC heap after
{Heap after GC invocations=39 (full 1):
 garbage-first heap   total 102400K, used 25513K [0x0000000742400000, 0x0000000800000000)
  region size 2048K, 0 young (0K), 0 survivors (0K)
 Metaspace       used 78245K, committed 79424K, reserved 1179648K
  class space    used 10984K, committed 11456K, reserved 1048576K
}
Event: 14340.546 GC heap before
{Heap before GC invocations=39 (full 1):
 garbage-first heap   total 102400K, used 84905K [0x0000000742400000, 0x0000000800000000)
  region size 2048K, 30 young (61440K), 0 survivors (0K)
 Metaspace       used 78607K, committed 79424K, reserved 1179648K
  class space    used 11054K, committed 11456K, reserved 1048576K
}
Event: 14340.565 GC heap after
{Heap after GC invocations=40 (full 1):
 garbage-first heap   total 102400K, used 31313K [0x0000000742400000, 0x0000000800000000)
  region size 2048K, 3 young (6144K), 3 survivors (6144K)
 Metaspace       used 78607K, committed 79424K, reserved 1179648K
  class space    used 11054K, committed 11456K, reserved 1048576K
}

